[ 17540.60G cycles in    100004 calls ]     - 94.54% : Measure_io_activity.exec
[ 17014.95G cycles in 423228165 calls ]     |   - 97.00% : Replay.Operation.exec
[ 5788.38G cycles in 220756931 calls ]     |   |   - 34.02% : Replay.Operation.exec_find
[ 4866.89G cycles in 220756931 calls ]     |   |   |   - 84.08% : Tree.Make.find_tree
[ 1107.21G cycles in 420131874 calls ]     |   |   |   |   - 22.75% : Io.Util.really_read
[   19.68G cycles in   8603546 calls ]     |   |   |   -  0.34% : Io.Util.really_read
[ 5089.65G cycles in    100004 calls ]     |   |   - 29.91% : Replay.Operation.exec_commit
[  133.54G cycles in    100004 calls ]     |   |   |   -  2.62% : Store.Make.Commit.v
[    4.80G cycles in    200008 calls ]     |   |   |   |   -  3.60% : Io.Util.really_write
[  421.42M cycles in    300012 calls ]     |   |   |   |   -  0.32% : Pack_store.Make.cast
[   25.71K cycles in         2 calls ]     |   |   |   |   -  0.00% : Io.Util.really_read
[   87.31G cycles in    206047 calls ]     |   |   |   -  1.72% : Io.Util.really_write
[   75.02G cycles in  31255051 calls ]     |   |   |   -  1.47% : Io.Util.really_read
[    1.34G cycles in    100004 calls ]     |   |   |   -  0.03% : Tree.Make.list
[  313.67M cycles in    300012 calls ]     |   |   |   -  0.01% : Pack_store.Make.cast
[  249.11M cycles in    100004 calls ]     |   |   |   -  0.00% : Store.Make.Commit.hash
[  223.77M cycles in    100004 calls ]     |   |   |   -  0.00% : Tree.Make.find_tree
[  108.76M cycles in    100004 calls ]     |   |   |   -  0.00% : Store.Make.Commit.key
[ 4584.18G cycles in 111687614 calls ]     |   |   - 26.94% : Replay.Operation.exec_mem
[ 4190.93G cycles in 111687614 calls ]     |   |   |   - 91.42% : Tree.Make.find_tree
[ 1300.52G cycles in 496412885 calls ]     |   |   |   |   - 31.03% : Io.Util.really_read
[   13.54G cycles in   6059630 calls ]     |   |   |   -  0.30% : Io.Util.really_read
[  706.23G cycles in  88222332 calls ]     |   |   -  4.15% : Replay.Operation.exec_add
[    1.45G cycles in    476610 calls ]     |   |   |   -  0.21% : Io.Util.really_read
[   18.37G cycles in   1149441 calls ]     |   |   -  0.11% : Replay.Operation.exec_remove
[    1.14G cycles in    330407 calls ]     |   |   |   -  6.23% : Io.Util.really_read
[   12.26G cycles in     34640 calls ]     |   |   -  0.07% : Replay.Operation.exec_add_tree
[    4.17G cycles in   1258262 calls ]     |   |   |   - 34.00% : Io.Util.really_read
[   36.26M cycles in        36 calls ]     |   |   |   -  0.30% : Io.Util.really_write
[   24.76K cycles in        21 calls ]     |   |   |   -  0.00% : Pack_store.Make.cast
[    9.18G cycles in    200009 calls ]     |   |   -  0.05% : Replay.Operation.exec_checkout
[    5.10G cycles in    200009 calls ]     |   |   |   - 55.54% : Store.Make.Commit.of_hash
[    1.73G cycles in    200009 calls ]     |   |   |   |   - 34.00% : Store.Make.Commit.of_key
[   10.28K cycles in         3 calls ]     |   |   |   |   |   -  0.00% : Io.Util.really_read
[    1.09G cycles in    200009 calls ]     |   |   |   - 11.86% : Store.Make.Commit.tree
[  298.77M cycles in    200009 calls ]     |   |   |   |   - 27.44% : Store.Make.Commit.node
[  529.36M cycles in    200009 calls ]     |   |   |   -  5.77% : Replay.Operation.of_commit_hash_lhs
[    8.44G cycles in    500021 calls ]     |   |   -  0.05% : Replay.Operation.exec_get_protocol
[    4.37G cycles in    500021 calls ]     |   |   |   - 51.70% : Tree.Make.find_tree
[    9.42K cycles in         6 calls ]     |   |   |   |   -  0.00% : Io.Util.really_read
[  223.50K cycles in        11 calls ]     |   |   |   -  0.00% : Io.Util.really_read
[    3.90G cycles in    200011 calls ]     |   |   -  0.02% : Replay.Operation.exec_get_test_chain
[  956.56M cycles in    200011 calls ]     |   |   |   - 24.50% : Tree.Make.find_tree
[   99.48K cycles in         8 calls ]     |   |   |   -  0.00% : Io.Util.really_read
[    1.90G cycles in    100004 calls ]     |   |   -  0.01% : Replay.Operation.exec_add_predecessor_block_metadata_hash
[    1.08G cycles in    100004 calls ]     |   |   -  0.01% : Replay.Operation.exec_add_predecessor_ops_metadata_hash
[  332.00M cycles in      4781 calls ]     |   |   -  0.00% : Replay.Operation.exec_fold_start
[   62.53M cycles in     64025 calls ]     |   |   |   - 18.84% : Io.Util.really_read
[   62.49M cycles in      4781 calls ]     |   |   |   - 18.82% : Tree.Make.find_tree
[   13.71M cycles in      9523 calls ]     |   |   |   |   - 21.95% : Io.Util.really_read
[  307.72M cycles in     34652 calls ]     |   |   -  0.00% : Replay.Operation.exec_find_tree
[  133.70M cycles in     34652 calls ]     |   |   |   - 43.45% : Tree.Make.find_tree
[    5.39M cycles in      2397 calls ]     |   |   |   |   -  4.03% : Io.Util.really_read
[   90.06M cycles in         1 calls ]     |   |   -  0.00% : Replay.Operation.exec_init
[    2.32M cycles in         1 calls ]     |   |   |   -  2.58% : Io.Util.really_read
[   91.81K cycles in         3 calls ]     |   |   |   -  0.10% : Pack_store.Make.v
[   42.90M cycles in     39558 calls ]     |   |   -  0.00% : Replay.Operation.exec_fold_step_enter
[   33.92M cycles in         6 calls ]     |   |   -  0.00% : Replay.Operation.exec_gc
[    4.36M cycles in         6 calls ]     |   |   |   - 12.86% : Store.Make.Commit.of_hash
[    4.19M cycles in         6 calls ]     |   |   |   |   - 95.98% : Store.Make.Commit.of_key
[    3.98M cycles in        18 calls ]     |   |   |   |   |   - 95.16% : Io.Util.really_read
[   11.34K cycles in         6 calls ]     |   |   |   -  0.03% : Replay.Operation.of_commit_hash_lhs
[    5.28K cycles in         6 calls ]     |   |   |   -  0.02% : Store.Make.Commit.key
[   22.33M cycles in        12 calls ]     |   |   -  0.00% : Replay.Operation.exec_tree_fold_start
[    5.55M cycles in      5776 calls ]     |   |   |   - 24.88% : Io.Util.really_read
[    7.20K cycles in        12 calls ]     |   |   |   -  0.03% : Tree.Make.find_tree
[   19.77M cycles in     33991 calls ]     |   |   -  0.00% : Replay.Operation.exec_tree_kind
[   15.52M cycles in     39558 calls ]     |   |   -  0.00% : Replay.Operation.exec_fold_step_exit
[   14.20M cycles in     10308 calls ]     |   |   -  0.00% : Replay.Operation.exec_tree_to_value
[    5.33M cycles in      4741 calls ]     |   |   -  0.00% : Replay.Operation.exec_tree_fold_step_enter
[    2.66M cycles in        12 calls ]     |   |   -  0.00% : Replay.Operation.exec_split
[  265.51K cycles in        12 calls ]     |   |   |   -  9.98% : Io.Util.really_write
[    2.03M cycles in      4741 calls ]     |   |   -  0.00% : Replay.Operation.exec_tree_fold_step_exit
[    2.02M cycles in      4781 calls ]     |   |   -  0.00% : Replay.Operation.exec_fold_end
[    7.26K cycles in        12 calls ]     |   |   -  0.00% : Replay.Operation.exec_tree_fold_end

Aggregated table:
----------------
                                                     Name;                              Filename;    Calls;     Time; Sys time
                                                     ROOT;                       src/landmark.ml;        0; 18554.44G; 9638.602
                                 Measure_io_activity.exec;  audits/io/measure_io_activity.ml:142;   100004; 17540.60G; 9161.721
                                    Replay.Operation.exec;              lib/replay/replay.ml:488; 423228165; 17014.95G; 8884.692
                                      Tree.Make.find_tree;                src/irmin/tree.ml:1689; 333284026; 9063.56G; 4737.740
                               Replay.Operation.exec_find;              lib/replay/replay.ml:288; 220756931; 5788.38G; 3044.202
                             Replay.Operation.exec_commit;              lib/replay/replay.ml:453;   100004; 5089.65G; 2645.542
                                Replay.Operation.exec_mem;              lib/replay/replay.ml:309; 111687614; 4584.18G; 2379.356
                                      Io.Util.really_read;          src/irmin-pack/unix/io.ml:38; 964610035; 2522.83G; 1259.393
                                Replay.Operation.exec_add;              lib/replay/replay.ml:315; 88222332;  706.23G;  375.796
                                      Store.Make.Commit.v;                src/irmin/store.ml:171;   100004;  133.54G;   31.034
                                     Io.Util.really_write;          src/irmin-pack/unix/io.ml:27;   406103;   92.15G;   48.436
                             Replay.Operation.exec_remove;              lib/replay/replay.ml:320;  1149441;   18.37G;    9.597
                           Replay.Operation.exec_add_tree;              lib/replay/replay.ml:303;    34640;   12.26G;    6.139
                           Replay.Operation.exec_checkout;              lib/replay/replay.ml:269;   200009;    9.18G;    4.800
                       Replay.Operation.exec_get_protocol;              lib/replay/replay.ml:278;   500021;    8.44G;    4.452
                                Store.Make.Commit.of_hash;                src/irmin/store.ml:197;   200015;    5.10G;    2.673
                     Replay.Operation.exec_get_test_chain;              lib/replay/replay.ml:283;   200011;    3.90G;    2.068
Replay.Operation.exec_add_predecessor_block_metadata_hash;              lib/replay/replay.ml:459;   100004;    1.90G;    1.010
                                 Store.Make.Commit.of_key;                src/irmin/store.ml:192;   200015;    1.74G;    0.913
                                           Tree.Make.list;                src/irmin/tree.ml:1788;   100004;    1.34G;    0.707
                                   Store.Make.Commit.tree;                src/irmin/store.ml:183;   200009;    1.09G;    0.589
  Replay.Operation.exec_add_predecessor_ops_metadata_hash;              lib/replay/replay.ml:468;   100004;    1.08G;    0.569
                                     Pack_store.Make.cast; src/irmin-pack/unix/pack_store.ml:541;   600045;  735.11M;    0.387
                      Replay.Operation.of_commit_hash_lhs;              lib/replay/replay.ml:266;   200015;  529.38M;    0.274
                         Replay.Operation.exec_fold_start;              lib/replay/replay.ml:325;     4781;  332.00M;    0.175
                          Replay.Operation.exec_find_tree;              lib/replay/replay.ml:294;    34652;  307.72M;    0.168
                                   Store.Make.Commit.node;                src/irmin/store.ml:182;   200009;  298.77M;    0.164
                                   Store.Make.Commit.hash;                src/irmin/store.ml:186;   100004;  249.11M;    0.120
                                    Store.Make.Commit.key;                src/irmin/store.ml:185;   100010;  108.76M;    0.054
                               Replay.Operation.exec_init;              lib/replay/replay.ml:262;        1;   90.06M;    0.047
                    Replay.Operation.exec_fold_step_enter;              lib/replay/replay.ml:330;    39558;   42.90M;    0.023
                                 Replay.Operation.exec_gc;              lib/replay/replay.ml:483;        6;   33.92M;    0.011
                    Replay.Operation.exec_tree_fold_start;              lib/replay/replay.ml:339;       12;   22.33M;    0.012
                          Replay.Operation.exec_tree_kind;              lib/replay/replay.ml:397;    33991;   19.77M;    0.011
                     Replay.Operation.exec_fold_step_exit;              lib/replay/replay.ml:334;    39558;   15.52M;    0.008
                      Replay.Operation.exec_tree_to_value;              lib/replay/replay.ml:416;    10308;   14.20M;    0.008
               Replay.Operation.exec_tree_fold_step_enter;              lib/replay/replay.ml:345;     4741;    5.33M;    0.003
                              Replay.Operation.exec_split;              lib/replay/replay.ml:479;       12;    2.66M;    0.001
                Replay.Operation.exec_tree_fold_step_exit;              lib/replay/replay.ml:349;     4741;    2.03M;    0.001
                           Replay.Operation.exec_fold_end;              lib/replay/replay.ml:336;     4781;    2.02M;    0.001
                                        Pack_store.Make.v; src/irmin-pack/unix/pack_store.ml:538;        3;   91.81K;    0.000
                      Replay.Operation.exec_tree_fold_end;              lib/replay/replay.ml:351;       12;    7.26K;    0.000
